<?xml version="1.0" encoding="UTF-8"?>
<!-- Generated by org.testng.reporters.JUnitReportReporter -->
<testsuite hostname="LAPTOP-UP25RCFI" name="daviesgroup.techchallenge.test.Tests" tests="4" failures="0" timestamp="22 Jul 2019 12:49:32 GMT" time="27.359" errors="0">
  <testcase name="createAccountTest" time="7.444" classname="daviesgroup.techchallenge.test.Tests"/>
  <testcase name="accountCreationWithExistingMailIDValidationTest" time="2.007" classname="daviesgroup.techchallenge.test.Tests"/>
  <testcase name="loginAndAddToCartTest" time="12.786" classname="daviesgroup.techchallenge.test.Tests"/>
  <testcase name="accountCreationMandatoryFieldsValidationTest" time="5.122" classname="daviesgroup.techchallenge.test.Tests"/>
</testsuite> <!-- daviesgroup.techchallenge.test.Tests -->
